<?xml version="1.0" encoding="UTF-8"?>
<!-- Generated by org.testng.reporters.JUnitReportReporter -->
<testsuite hostname="DESKTOP-UVVSPQO" failures="0" tests="2" name="testngparallelexecution.ParallelTestTagExecutionActual" time="43.176" errors="0" timestamp="2022-05-04T14:27:04 IST" skipped="0">
  <testcase classname="testngparallelexecution.ParallelTestTagExecutionActual" name="navToApp" time="20.663"/>
  <system-out/>
  <testcase classname="testngparallelexecution.ParallelTestTagExecutionActual" name="navToApp" time="22.513"/>
  <system-out/>
</testsuite> <!-- testngparallelexecution.ParallelTestTagExecutionActual -->
