<?xml version="1.0" encoding="UTF-8"?>
<!-- Generated by org.testng.reporters.JUnitReportReporter -->
<testsuite hostname="DESKTOP-UVVSPQO" failures="0" tests="1" name="TestDiscussion.softassert" time="13.224" errors="0" timestamp="2022-05-01T17:56:41 IST" skipped="0">
  <testcase classname="TestDiscussion.softassert" name="verifyUrl" time="13.224"/>
  <system-out/>
</testsuite> <!-- TestDiscussion.softassert -->
