<?xml version="1.0" encoding="UTF-8"?>
<!-- Generated by org.testng.reporters.JUnitReportReporter -->
<testsuite hostname="DESKTOP-UVVSPQO" failures="0" tests="1" name="TestDiscussion.HardAssert" time="0.015" errors="0" timestamp="2022-04-29T22:45:05 IST" skipped="0">
  <testcase classname="TestDiscussion.HardAssert" name="assrtfalsecondition" time="0.015"/>
  <system-out/>
</testsuite> <!-- TestDiscussion.HardAssert -->
