<?xml version="1.0" encoding="UTF-8"?>
<!-- Generated by org.testng.reporters.JUnitReportReporter -->
<testsuite hostname="DESKTOP-UVVSPQO" failures="0" tests="3" name="TestDiscussion.GroupingOfTestCase2" time="0.007" errors="0" timestamp="2022-04-28T19:23:50 IST" skipped="0">
  <testcase classname="TestDiscussion.GroupingOfTestCase2" name="Admin" time="0.001"/>
  <system-out/>
  <testcase classname="TestDiscussion.GroupingOfTestCase2" name="searchShares" time="0.004"/>
  <system-out/>
  <testcase classname="TestDiscussion.GroupingOfTestCase2" name="myinfo" time="0.002"/>
  <system-out/>
</testsuite> <!-- TestDiscussion.GroupingOfTestCase2 -->
