<?xml version="1.0" encoding="UTF-8"?>
<!-- Generated by org.testng.reporters.JUnitReportReporter -->
<testsuite hostname="DESKTOP-UVVSPQO" failures="0" tests="7" name="TestDiscussion.PriorityKeyword" time="0.033" errors="0" timestamp="2022-04-26T14:35:07 IST" skipped="0">
  <testcase classname="TestDiscussion.PriorityKeyword" name="direct" time="0.013"/>
  <system-out/>
  <testcase classname="TestDiscussion.PriorityKeyword" name="logout" time="0.005"/>
  <system-out/>
  <testcase classname="TestDiscussion.PriorityKeyword" name="make" time="0.002"/>
  <system-out/>
  <testcase classname="TestDiscussion.PriorityKeyword" name="login" time="0.002"/>
  <system-out/>
  <testcase classname="TestDiscussion.PriorityKeyword" name="profile" time="0.004"/>
  <system-out/>
  <testcase classname="TestDiscussion.PriorityKeyword" name="home" time="0.002"/>
  <system-out/>
  <testcase classname="TestDiscussion.PriorityKeyword" name="dashBoard" time="0.005"/>
  <system-out/>
</testsuite> <!-- TestDiscussion.PriorityKeyword -->
