<?xml version="1.0" encoding="UTF-8"?>
<!-- Generated by org.testng.reporters.JUnitReportReporter -->
<testsuite hostname="DESKTOP-UVVSPQO" failures="0" tests="2" name="TestDiscussion.DependsOnMethodsKeyword2" time="0.002" errors="0" timestamp="2022-04-27T15:40:05 IST" skipped="1">
  <testcase classname="TestDiscussion.DependsOnMethodsKeyword2" name="profie" time="0.000">
    <skipped/>
  </testcase> <!-- profie -->
  <system-out/>
  <testcase classname="TestDiscussion.DependsOnMethodsKeyword2" name="logout" time="0.002"/>
  <system-out/>
</testsuite> <!-- TestDiscussion.DependsOnMethodsKeyword2 -->
