<?xml version="1.0" encoding="UTF-8"?>
<!-- Generated by org.testng.reporters.JUnitReportReporter -->
<testsuite hostname="DESKTOP-UVVSPQO" failures="0" tests="2" name="TestDiscussion.GroupingOfTestCase1" time="0.014" errors="0" timestamp="2022-04-28T19:23:50 IST" skipped="0">
  <testcase classname="TestDiscussion.GroupingOfTestCase1" name="logout" time="0.002"/>
  <system-out/>
  <testcase classname="TestDiscussion.GroupingOfTestCase1" name="dashbord" time="0.012"/>
  <system-out/>
</testsuite> <!-- TestDiscussion.GroupingOfTestCase1 -->
