<?xml version="1.0" encoding="UTF-8"?>
<!-- Generated by org.testng.reporters.JUnitReportReporter -->
<testsuite hostname="DESKTOP-UVVSPQO" failures="0" tests="3" name="TestDiscussion.TestClass2" time="0.009" errors="0" timestamp="2022-04-26T15:18:04 IST" skipped="0">
  <testcase classname="TestDiscussion.TestClass2" name="logout" time="0.002"/>
  <system-out/>
  <testcase classname="TestDiscussion.TestClass2" name="profile" time="0.005"/>
  <system-out/>
  <testcase classname="TestDiscussion.TestClass2" name="home" time="0.002"/>
  <system-out/>
</testsuite> <!-- TestDiscussion.TestClass2 -->
