<?xml version="1.0" encoding="UTF-8"?>
<!-- Generated by org.testng.reporters.JUnitReportReporter -->
<testsuite hostname="DESKTOP-UVVSPQO" failures="0" tests="1" name="utility.Aaa" time="0.018" errors="0" timestamp="2022-04-25T20:16:46 IST" skipped="0">
  <testcase classname="utility.Aaa" name="m1" time="0.018"/>
  <system-out/>
</testsuite> <!-- utility.Aaa -->
