<?xml version="1.0" encoding="UTF-8"?>
<!-- Generated by org.testng.reporters.JUnitReportReporter -->
<testsuite hostname="DESKTOP-UVVSPQO" failures="0" tests="2" name="TestNgListener.Parrallelexecution" time="82.656" errors="0" timestamp="2022-05-04T13:06:46 IST" skipped="0">
  <testcase classname="TestNgListener.Parrallelexecution" name="googleTest" time="38.763"/>
  <system-out/>
  <testcase classname="TestNgListener.Parrallelexecution" name="facebookTest" time="43.893"/>
  <system-out/>
</testsuite> <!-- TestNgListener.Parrallelexecution -->
