<?xml version="1.0" encoding="UTF-8"?>
<!-- Generated by org.testng.reporters.JUnitReportReporter -->
<testsuite hostname="DESKTOP-UVVSPQO" failures="0" tests="5" name="TestDiscussion.InvocationCountkeyword" time="0.032" errors="0" timestamp="2022-04-26T14:44:55 IST" skipped="0">
  <testcase classname="TestDiscussion.InvocationCountkeyword" name="dashBoard" time="0.015"/>
  <system-out/>
  <testcase classname="TestDiscussion.InvocationCountkeyword" name="profile" time="0.002"/>
  <system-out/>
  <testcase classname="TestDiscussion.InvocationCountkeyword" name="profile" time="0.006"/>
  <system-out/>
  <testcase classname="TestDiscussion.InvocationCountkeyword" name="profile" time="0.005"/>
  <system-out/>
  <testcase classname="TestDiscussion.InvocationCountkeyword" name="login" time="0.004"/>
  <system-out/>
</testsuite> <!-- TestDiscussion.InvocationCountkeyword -->
