<?xml version="1.0" encoding="UTF-8"?>
<!-- Generated by org.testng.reporters.JUnitReportReporter -->
<testsuite hostname="DESKTOP-UVVSPQO" failures="0" tests="2" name="testclasses.LoiginPageTest" time="3.039" errors="0" timestamp="2022-05-07T00:14:38 IST" skipped="0">
  <testcase classname="testclasses.LoiginPageTest" name="verifyLogin" time="1.096"/>
  <system-out/>
  <testcase classname="testclasses.LoiginPageTest" name="titleValidation" time="1.943"/>
  <system-out/>
</testsuite> <!-- testclasses.LoiginPageTest -->
