<?xml version="1.0" encoding="UTF-8"?>
<!-- Generated by org.testng.reporters.JUnitReportReporter -->
<testsuite hostname="DESKTOP-UVVSPQO" failures="0" tests="3" name="utility1.SingleClassExecution" time="0.017" errors="0" timestamp="2022-04-26T11:45:23 IST" skipped="0">
  <testcase classname="utility1.SingleClassExecution" name="testcase2" time="0.001"/>
  <system-out/>
  <testcase classname="utility1.SingleClassExecution" name="testcase3" time="0.002"/>
  <system-out/>
  <testcase classname="utility1.SingleClassExecution" name="testcase1" time="0.014"/>
  <system-out/>
</testsuite> <!-- utility1.SingleClassExecution -->
