<?xml version="1.0" encoding="UTF-8"?>
<!-- Generated by org.testng.reporters.JUnitReportReporter -->
<testsuite hostname="DESKTOP-UVVSPQO" failures="0" tests="1" name="TestDiscussion.ReporterClassTesting" time="23.103" errors="0" timestamp="2022-04-26T15:07:50 IST" skipped="0">
  <testcase classname="TestDiscussion.ReporterClassTesting" name="logout" time="23.103"/>
  <system-out>
    <![CDATA[this is log test case]]>
  </system-out>
</testsuite> <!-- TestDiscussion.ReporterClassTesting -->
