<?xml version="1.0" encoding="UTF-8"?>
<!-- Generated by org.testng.reporters.JUnitReportReporter -->
<testsuite hostname="DESKTOP-UVVSPQO" failures="0" tests="3" name="TestDiscussion.InclusionAndExclusiveOfMethod" time="0.018" errors="0" timestamp="2022-04-27T15:52:09 IST" skipped="0">
  <testcase classname="TestDiscussion.InclusionAndExclusiveOfMethod" name="login" time="0.001"/>
  <system-out/>
  <testcase classname="TestDiscussion.InclusionAndExclusiveOfMethod" name="home" time="0.016"/>
  <system-out/>
  <testcase classname="TestDiscussion.InclusionAndExclusiveOfMethod" name="profile" time="0.001"/>
  <system-out/>
</testsuite> <!-- TestDiscussion.InclusionAndExclusiveOfMethod -->
