<?xml version="1.0" encoding="UTF-8"?>
<!-- Generated by org.testng.reporters.JUnitReportReporter -->
<testsuite hostname="DESKTOP-UVVSPQO" failures="0" tests="5" name="TestDiscussion.SingleClassExecution2" time="0.019" errors="0" timestamp="2022-04-26T12:12:58 IST" skipped="0">
  <testcase classname="TestDiscussion.SingleClassExecution2" name="dashBoard" time="0.013"/>
  <system-out/>
  <testcase classname="TestDiscussion.SingleClassExecution2" name="logout" time="0.002"/>
  <system-out/>
  <testcase classname="TestDiscussion.SingleClassExecution2" name="home" time="0.002"/>
  <system-out/>
  <testcase classname="TestDiscussion.SingleClassExecution2" name="profile" time="0.001"/>
  <system-out/>
  <testcase classname="TestDiscussion.SingleClassExecution2" name="login" time="0.001"/>
  <system-out/>
</testsuite> <!-- TestDiscussion.SingleClassExecution2 -->
