<?xml version="1.0" encoding="UTF-8"?>
<!-- Generated by org.testng.reporters.JUnitReportReporter -->
<testsuite hostname="DESKTOP-UVVSPQO" failures="0" tests="1" name="TestDiscussion.GroupingOFAnnotations" time="0.009" errors="0" timestamp="2022-04-28T19:56:48 IST" skipped="0">
  <testcase classname="TestDiscussion.GroupingOFAnnotations" name="logoutTest" time="0.009"/>
  <system-out/>
</testsuite> <!-- TestDiscussion.GroupingOFAnnotations -->
