<?xml version="1.0" encoding="UTF-8"?>
<!-- Generated by org.testng.reporters.JUnitReportReporter -->
<testsuite hostname="DESKTOP-UVVSPQO" failures="0" tests="2" name="TestDiscussion.InclusionAndExclusiveOfMethod2" time="0.014" errors="0" timestamp="2022-04-28T18:48:35 IST" skipped="0">
  <testcase classname="TestDiscussion.InclusionAndExclusiveOfMethod2" name="login" time="0.002"/>
  <system-out/>
  <testcase classname="TestDiscussion.InclusionAndExclusiveOfMethod2" name="home" time="0.012"/>
  <system-out/>
</testsuite> <!-- TestDiscussion.InclusionAndExclusiveOfMethod2 -->
