<?xml version="1.0" encoding="UTF-8"?>
<!-- Generated by org.testng.reporters.JUnitReportReporter -->
<testsuite hostname="DESKTOP-UVVSPQO" failures="0" tests="2" name="testngparallelexecution.ParallelTestClass2" time="0.018" errors="0" timestamp="2022-05-04T13:33:47 IST" skipped="0">
  <testcase classname="testngparallelexecution.ParallelTestClass2" name="profile" time="0.004"/>
  <system-out/>
  <testcase classname="testngparallelexecution.ParallelTestClass2" name="logout" time="0.014"/>
  <system-out/>
</testsuite> <!-- testngparallelexecution.ParallelTestClass2 -->
