<?xml version="1.0" encoding="UTF-8"?>
<!-- Generated by org.testng.reporters.JUnitReportReporter -->
<testsuite hostname="DESKTOP-UVVSPQO" failures="0" tests="2" name="TestDiscussion.SingleClassExecution" time="0.015" errors="0" timestamp="2022-04-26T12:06:04 IST" skipped="0">
  <testcase classname="TestDiscussion.SingleClassExecution" name="testcase2" time="0.002"/>
  <system-out/>
  <testcase classname="TestDiscussion.SingleClassExecution" name="testcase1" time="0.013"/>
  <system-out/>
</testsuite> <!-- TestDiscussion.SingleClassExecution -->
