<?xml version="1.0" encoding="UTF-8"?>
<!-- Generated by org.testng.reporters.JUnitReportReporter -->
<testsuite hostname="DESKTOP-UVVSPQO" failures="0" tests="2" name="TestDiscussion.Testclass1" time="0.015" errors="0" timestamp="2022-04-26T15:18:04 IST" skipped="0">
  <testcase classname="TestDiscussion.Testclass1" name="login" time="0.002"/>
  <system-out/>
  <testcase classname="TestDiscussion.Testclass1" name="dashBoard" time="0.013"/>
  <system-out/>
</testsuite> <!-- TestDiscussion.Testclass1 -->
