<?xml version="1.0" encoding="UTF-8"?>
<!-- Generated by org.testng.reporters.JUnitReportReporter -->
<testsuite hostname="DESKTOP-UVVSPQO" failures="0" tests="2" name="TestDiscussion.AnotatinInTesting" time="0.017" errors="0" timestamp="2022-04-27T15:09:30 IST" skipped="0">
  <testcase classname="TestDiscussion.AnotatinInTesting" name="login" time="0.009"/>
  <system-out/>
  <testcase classname="TestDiscussion.AnotatinInTesting" name="profile" time="0.008"/>
  <system-out/>
</testsuite> <!-- TestDiscussion.AnotatinInTesting -->
